<?xml version="1.0" encoding="UTF-8"?>
<!-- Generated by org.testng.reporters.JUnitReportReporter -->
<testsuite hostname="mayur" failures="0" tests="2" name="jarvis.TestCases" time="31.488" errors="0" timestamp="06 Jun 2024 11:22:57 GMT" skipped="1">
  <testcase classname="jarvis.TestCases" name="m2" time="31.488"/>
  <testcase classname="jarvis.TestCases" name="m1">
    <skipped/>
  </testcase> <!-- m1 -->
</testsuite> <!-- jarvis.TestCases -->
